

***********************************************************************
Fatal NI connect error 12514, connecting to:
 (DESCRIPTION=(CONNECT_DATA=(SERVICE_NAME=xe)(CID=(PROGRAM=sqlplus)(HOST=jwm-devel.usersys.redhat.com)(USER=jmatthews)))(ADDRESS=(PROTOCOL=TCP)(HOST=10.10.76.180)(PORT=1521)))

  VERSION INFORMATION:
	TNS for Linux: Version 10.2.0.1.0 - Production
	TCP/IP NT Protocol Adapter for Linux: Version 10.2.0.1.0 - Production
  Time: 31-JUL-2008 15:22:20
  Tracing not turned on.
  Tns error struct:
    ns main err code: 12564
    TNS-12564: TNS:connection refused
    ns secondary err code: 0
    nt main err code: 0
    nt secondary err code: 0
    nt OS err code: 0


***********************************************************************
Fatal NI connect error 12514, connecting to:
 (DESCRIPTION=(CONNECT_DATA=(SERVICE_NAME=rhnsat)(CID=(PROGRAM=sqlplus)(HOST=jwm-devel.usersys.redhat.com)(USER=jmatthews)))(ADDRESS=(PROTOCOL=TCP)(HOST=10.10.76.180)(PORT=1521)))

  VERSION INFORMATION:
	TNS for Linux: Version 10.2.0.1.0 - Production
	TCP/IP NT Protocol Adapter for Linux: Version 10.2.0.1.0 - Production
  Time: 31-JUL-2008 15:22:36
  Tracing not turned on.
  Tns error struct:
    ns main err code: 12564
    TNS-12564: TNS:connection refused
    ns secondary err code: 0
    nt main err code: 0
    nt secondary err code: 0
    nt OS err code: 0


***********************************************************************
Fatal NI connect error 12514, connecting to:
 (DESCRIPTION=(ADDRESS=(PROTOCOL=TCP)(HOST=rlx-2-10.rhndev.redhat.com)(PORT=1521))(CONNECT_DATA=(SERVICE_NAME=rhnsat)(CID=(PROGRAM=sqlplus)(HOST=jwm-devel.usersys.redhat.com)(USER=jmatthews))))

  VERSION INFORMATION:
	TNS for Linux: Version 10.2.0.1.0 - Production
	TCP/IP NT Protocol Adapter for Linux: Version 10.2.0.1.0 - Production
  Time: 31-JUL-2008 15:23:34
  Tracing not turned on.
  Tns error struct:
    ns main err code: 12564
    TNS-12564: TNS:connection refused
    ns secondary err code: 0
    nt main err code: 0
    nt secondary err code: 0
    nt OS err code: 0


***********************************************************************
Fatal NI connect error 12514, connecting to:
 (DESCRIPTION=(ADDRESS=(PROTOCOL=TCP)(HOST=rlx-2-10.rhndev.redhat.com)(PORT=1521))(CONNECT_DATA=(SERVICE_NAME=rhnsat)(CID=(PROGRAM=sqlplus)(HOST=jwm-devel.usersys.redhat.com)(USER=jmatthews))))

  VERSION INFORMATION:
	TNS for Linux: Version 10.2.0.1.0 - Production
	TCP/IP NT Protocol Adapter for Linux: Version 10.2.0.1.0 - Production
  Time: 31-JUL-2008 15:25:03
  Tracing not turned on.
  Tns error struct:
    ns main err code: 12564
    TNS-12564: TNS:connection refused
    ns secondary err code: 0
    nt main err code: 0
    nt secondary err code: 0
    nt OS err code: 0
