

***********************************************************************
Fatal NI connect error 12514, connecting to:
 (DESCRIPTION=(ADDRESS=(PROTOCOL=TCP)(HOST=rlx-3-22.rhndev.redhat.com)(PORT=1521))(CONNECT_DATA=(SERVICE_NAME=rhnsat)(CID=(PROGRAM=sqlplus)(HOST=jwm-devel.usersys.redhat.com)(USER=jmatthews))))

  VERSION INFORMATION:
	TNS for Linux: Version 10.2.0.1.0 - Production
	TCP/IP NT Protocol Adapter for Linux: Version 10.2.0.1.0 - Production
  Time: 04-AUG-2008 11:07:20
  Tracing not turned on.
  Tns error struct:
    ns main err code: 12564
    TNS-12564: TNS:connection refused
    ns secondary err code: 0
    nt main err code: 0
    nt secondary err code: 0
    nt OS err code: 0


***********************************************************************
Fatal NI connect error 12541, connecting to:
 (DESCRIPTION=(ADDRESS=(PROTOCOL=TCP)(HOST=localhost)(PORT=1521))(CONNECT_DATA=(SERVICE_NAME=xe)(CID=(PROGRAM=sqlplus)(HOST=jwm-devel.usersys.redhat.com)(USER=jmatthews))))

  VERSION INFORMATION:
	TNS for Linux: Version 10.2.0.1.0 - Production
	TCP/IP NT Protocol Adapter for Linux: Version 10.2.0.1.0 - Production
  Time: 24-SEP-2008 13:44:50
  Tracing not turned on.
  Tns error struct:
    ns main err code: 12541
    TNS-12541: TNS:no listener
    ns secondary err code: 12560
    nt main err code: 511
    TNS-00511: No listener
    nt secondary err code: 111
    nt OS err code: 0
