This file contains any messages produced by compilers while
running configure, to aid debugging if configure makes a mistake.

It was created by configure, which was
generated by GNU Autoconf 2.50.  Invocation command line was

  $ ../dist/configure 

## ---------- ##
## Platform.  ##
## ---------- ##

hostname = outhaul.lab.nocpulse.net
uname -m = i686
uname -r = 2.2.14-5.0smp
uname -s = Linux
uname -v = #1 SMP Tue Mar 7 21:01:40 EST 2000

/usr/bin/uname -p = unknown
/bin/uname -X     = unknown

/bin/arch              = i686
/usr/bin/arch -k       = unknown
/usr/convex/getsysinfo = unknown
hostinfo               = unknown
/bin/machine           = unknown
/usr/bin/oslevel       = unknown
/bin/universe          = unknown

PATH = /home/nocops/ReleaseScripts:/bin:/usr/bin:/usr/local/bin:/usr/X11R6/bin:/home/nocops/bin

## ------------ ##
## Core tests.  ##
## ------------ ##

configure:1122: PATH=".;."; conftest.sh
../dist/configure: conftest.sh: command not found
configure:1125: $? = 127
configure:1168: checking build system type
configure:1186: result: i686-pc-linux-gnu
configure:1193: checking host system type
configure:1207: result: i686-pc-linux-gnu
configure:1234: checking if building in the top-level directory
configure:1241: result: no
configure:1279: checking if --enable-compat185 option specified
configure:1288: result: no
configure:1291: checking if --enable-cxx option specified
configure:1300: result: no
configure:1303: checking if --enable-debug option specified
configure:1312: result: no
configure:1315: checking if --enable-debug_rop option specified
configure:1324: result: no
configure:1327: checking if --enable-debug_wop option specified
configure:1336: result: no
configure:1339: checking if --enable-diagnostic option specified
configure:1348: result: no
configure:1351: checking if --enable-dump185 option specified
configure:1360: result: no
configure:1363: checking if --enable-java option specified
configure:1372: result: no
configure:1375: checking if --enable-posixmutexes option specified
configure:1384: result: no
configure:1387: checking if --enable-rpc option specified
configure:1396: result: no
configure:1399: checking if --enable-tcl option specified
configure:1408: result: no
configure:1411: checking if --enable-test option specified
configure:1420: result: no
configure:1423: checking if --enable-uimutexes option specified
configure:1432: result: no
configure:1435: checking if --enable-umrw option specified
configure:1444: result: no
configure:1447: checking if --with-embedix=DIR option specified
configure:1459: result: no
configure:1472: checking if --with-rpm=DIR option specified
configure:1493: result: no
configure:1496: checking if --with-tcl=DIR option specified
configure:1506: result: no
configure:1512: checking if --with-uniquename=NAME option specified
configure:1524: result: no
configure:1625: checking for ar
configure:1640: found /usr/bin/ar
configure:1649: result: ar
configure:1705: checking for chmod
configure:1720: found /bin/chmod
configure:1729: result: chmod
configure:1785: checking for cp
configure:1800: found /bin/cp
configure:1809: result: cp
configure:1984: checking for ln
configure:1999: found /bin/ln
configure:2008: result: ln
configure:2064: checking for mkdir
configure:2079: found /bin/mkdir
configure:2088: result: mkdir
configure:2146: checking for ranlib
configure:2161: found /usr/bin/ranlib
configure:2170: result: ranlib
configure:2184: checking for ranlib
configure:2201: found /usr/bin/ranlib
configure:2213: result: /usr/bin/ranlib
configure:2258: checking for rm
configure:2273: found /bin/rm
configure:2282: result: rm
configure:2422: checking for sh
configure:2437: found /bin/sh
configure:2446: result: sh
configure:2460: checking for sh
configure:2477: found /bin/sh
configure:2489: result: /bin/sh
configure:2542: checking for strip
configure:2557: found /usr/bin/strip
configure:2566: result: strip
configure:2580: checking for strip
configure:2597: found /usr/bin/strip
configure:2609: result: /usr/bin/strip
configure:2716: checking for a BSD compatible install
configure:2765: result: /usr/bin/install -c
configure:2903: checking for cc
configure:2918: found /usr/bin/cc
configure:2926: result: cc
configure:2976: checking for gcc
configure:2999: result: cc
configure:3054: checking for gcc
configure:3077: result: cc
configure:3321: checking for C compiler default output
configure:3324: cc -O2 -D_GNU_SOURCE -D_REENTRANT   conftest.c  >&5
configure:3327: $? = 0
configure:3350: result: a.out
configure:3355: checking whether the C compiler works
configure:3361: ./a.out
configure:3364: $? = 0
configure:3379: result: yes
configure:3386: checking whether we are cross compiling
configure:3388: result: no
configure:3391: checking for executable suffix
configure:3393: cc -o conftest -O2 -D_GNU_SOURCE -D_REENTRANT   conftest.c  >&5
configure:3396: $? = 0
configure:3418: result: 
configure:3424: checking for object suffix
configure:3442: cc -c -O2 -D_GNU_SOURCE -D_REENTRANT  conftest.c >&5
configure:3445: $? = 0
configure:3464: result: o
configure:3468: checking whether we are using the GNU C compiler
configure:3489: cc -c -O2 -D_GNU_SOURCE -D_REENTRANT  conftest.c >&5
configure:3492: $? = 0
configure:3495: test -s conftest.o
configure:3498: $? = 0
configure:3510: result: yes
configure:3516: checking whether cc accepts -g
configure:3534: cc -c -g -D_GNU_SOURCE -D_REENTRANT  conftest.c >&5
configure:3537: $? = 0
configure:3540: test -s conftest.o
configure:3543: $? = 0
configure:3553: result: yes
configure:3580: cc -c -O2 -D_GNU_SOURCE -D_REENTRANT  conftest.c >&5
conftest.c:2: parse error before `me'
configure:3583: $? = 1
configure: failed program was:
#ifndef __cplusplus
  choke me
#endif
configure:4267: checking for gcc 2.96 for-loop bug
configure:4297: cc -o conftest -O2 -D_GNU_SOURCE -D_REENTRANT   conftest.c  >&5
configure:4300: $? = 0
configure:4302: ./conftest
configure:4305: $? = 0
configure:4317: result: no
configure:4421: checking for ld used by GCC
configure:4484: result: /usr/bin/ld
configure:4493: checking if the linker (/usr/bin/ld) is GNU ld
GNU ld version 2.9.5 (with BFD 2.9.5.0.22)
configure:4505: result: yes
configure:4509: checking for /usr/bin/ld option to reload object files
configure:4516: result: -r
configure:4521: checking for BSD-compatible nm
configure:4557: result: /usr/bin/nm -B
configure:4560: checking whether ln -s works
configure:4564: result: yes
configure:4571: checking how to recognise dependant libraries
configure:4745: result: pass_all
configure:4751: checking command to parse /usr/bin/nm -B output
configure:4828: cc -c -O2 -D_GNU_SOURCE -D_REENTRANT  conftest.c >&5
configure:4831: $? = 0
configure:4835: /usr/bin/nm -B conftest.o \| sed -n -e 's/^.*[ 	]\([ABCDGISTW][ABCDGISTW]*\)[ 	][ 	]*\(\)\([_A-Za-z][_A-Za-z0-9]*\)$/\1 \2\3 \3/p' \> conftest.nm
configure:4838: $? = 0
configure:4890: cc -o conftest -O2 -D_GNU_SOURCE -D_REENTRANT   conftest.c conftstm.o >&5
configure:4893: $? = 0
configure:4934: result: ok
configure:4943: checking how to run the C preprocessor
configure:4970: cc -E -D_GNU_SOURCE -D_REENTRANT  conftest.c
configure:4976: $? = 0
configure:5003: cc -E -D_GNU_SOURCE -D_REENTRANT  conftest.c
configure:5000: ac_nonexistent.h: No such file or directory
configure:5009: $? = 1
configure: failed program was:
#line 4999 "configure"
#include "confdefs.h"
#include <ac_nonexistent.h>
configure:5046: result: cc -E
configure:5061: cc -E -D_GNU_SOURCE -D_REENTRANT  conftest.c
configure:5067: $? = 0
configure:5094: cc -E -D_GNU_SOURCE -D_REENTRANT  conftest.c
configure:5091: ac_nonexistent.h: No such file or directory
configure:5100: $? = 1
configure: failed program was:
#line 5090 "configure"
#include "confdefs.h"
#include <ac_nonexistent.h>
configure:5142: checking for dlfcn.h
configure:5152: cc -E -D_GNU_SOURCE -D_REENTRANT  conftest.c
configure:5158: $? = 0
configure:5177: result: yes
configure:5364: checking for ranlib
configure:5379: found /usr/bin/ranlib
configure:5388: result: ranlib
configure:5438: checking for strip
configure:5453: found /usr/bin/strip
configure:5462: result: strip
configure:5659: checking for objdir
configure:5670: result: .libs
configure:5690: checking for cc option to produce PIC
configure:5840: result: -fPIC
configure:5844: checking if cc PIC flag -fPIC works
configure:5864: cc -c -O2 -fPIC -DPIC -D_GNU_SOURCE -D_REENTRANT  conftest.c >&5
configure:5867: $? = 0
configure:5870: test -s conftest.o
configure:5873: $? = 0
configure:5909: result: yes
configure:5929: checking if cc static flag -static works
configure:5950: cc -o conftest -O2 -D_GNU_SOURCE -D_REENTRANT   -static conftest.c  >&5
configure:5953: $? = 0
configure:5956: test -s conftest
configure:5959: $? = 0
configure:5973: result: yes
configure:5988: checking if cc supports -c -o file.o
configure:6008: cc -c -O2 -o out/conftest2.o -D_GNU_SOURCE -D_REENTRANT  conftest.c >&5
configure:6032: result: yes
configure:6037: checking if cc supports -c -o file.lo
configure:6059: cc -c -O2 -c -o conftest.lo -D_GNU_SOURCE -D_REENTRANT  conftest.c >&5
configure:6062: $? = 0
configure:6065: test -s conftest.o
configure:6068: $? = 1
configure: failed program was:
#line 6047 "configure"
#include "confdefs.h"

int
main ()
{
int some_variable = 0;
  ;
  return 0;
}
configure:6088: result: 
configure:6127: checking if cc supports -fno-rtti -fno-exceptions
configure:6146: cc -c -O2 -fno-rtti -fno-exceptions -c conftest.c -D_GNU_SOURCE -D_REENTRANT  conftest.c >&5
configure:6149: $? = 0
configure:6152: test -s conftest.o
configure:6155: $? = 0
configure:6171: result: yes
configure:6186: checking whether the linker (/usr/bin/ld) supports shared libraries
configure:6798: result: yes
configure:6807: checking how to hardcode library paths into programs
configure:6831: result: immediate
configure:6840: checking whether stripping libraries is possible
configure:6845: result: yes
configure:6860: checking dynamic linker characteristics
configure:7254: result: GNU/Linux ld.so
configure:7263: checking if libtool supports shared libraries
configure:7265: result: yes
configure:7833: checking whether -lc should be explicitly linked in
configure:7841: cc -c -O2 -D_GNU_SOURCE -D_REENTRANT  conftest.c >&5
configure:7844: $? = 0
configure:7858: cc -shared conftest.o  -v -Wl,-soname -Wl,conftest -o conftest 2\>\&1 \| grep  -lc  \>/dev/null 2\>\&1
configure:7861: $? = 0
configure:7874: result: no
configure:9108: checking for sched_yield in -lrt
configure:9135: cc -o conftest -O2 -D_GNU_SOURCE -D_REENTRANT   conftest.c -lrt   >&5
configure:9138: $? = 0
configure:9141: test -s conftest
configure:9144: $? = 0
configure:9155: result: yes
configure:9161: checking for pthread_create in -lpthread
configure:9188: cc -o conftest -O2 -D_GNU_SOURCE -D_REENTRANT   conftest.c -lpthread   >&5
configure:9191: $? = 0
configure:9194: test -s conftest
configure:9197: $? = 0
configure:9208: result: yes
configure:9215: checking whether byte ordering is bigendian
configure:9240: cc -c -O2 -D_GNU_SOURCE -D_REENTRANT  conftest.c >&5
configure:9243: $? = 0
configure:9246: test -s conftest.o
configure:9249: $? = 0
configure:9270: cc -c -O2 -D_GNU_SOURCE -D_REENTRANT  conftest.c >&5
configure: In function `main':
configure:9261: `not' undeclared (first use in this function)
configure:9261: (Each undeclared identifier is reported only once
configure:9261: for each function it appears in.)
configure:9261: parse error before `big'
configure:9273: $? = 1
configure: failed program was:
#line 9253 "configure"
#include "confdefs.h"
#include <sys/types.h>
#include <sys/param.h>

int
main ()
{
#if BYTE_ORDER != BIG_ENDIAN
 not big endian
#endif

  ;
  return 0;
}
configure:9337: result: no
configure:9347: checking for cc option to accept ANSI C
configure:9404: cc  -c -O2 -D_GNU_SOURCE -D_REENTRANT  conftest.c >&5
configure:9407: $? = 0
configure:9410: test -s conftest.o
configure:9413: $? = 0
configure:9430: result: none needed
configure:9438: checking for an ANSI C-conforming const
configure:9502: cc -c -O2 -D_GNU_SOURCE -D_REENTRANT  conftest.c >&5
configure:9505: $? = 0
configure:9508: test -s conftest.o
configure:9511: $? = 0
configure:9521: result: yes
configure:9532: checking whether stat file-mode macros are broken
configure:9577: result: no
configure:9587: checking whether time.h and sys/time.h may both be included
configure:9608: cc -c -O2 -D_GNU_SOURCE -D_REENTRANT  conftest.c >&5
configure:9611: $? = 0
configure:9614: test -s conftest.o
configure:9617: $? = 0
configure:9627: result: yes
configure:9640: checking for dirent.h that defines DIR
configure:9660: cc -c -O2 -D_GNU_SOURCE -D_REENTRANT  conftest.c >&5
configure:9663: $? = 0
configure:9666: test -s conftest.o
configure:9669: $? = 0
configure:9679: result: yes
configure:9692: checking for opendir in -ldir
configure:9719: cc -o conftest -O2 -D_GNU_SOURCE -D_REENTRANT   conftest.c -ldir   >&5
/usr/bin/ld: cannot find -ldir
collect2: ld returned 1 exit status
configure:9722: $? = 1
configure: failed program was:
#line 9700 "configure"
#include "confdefs.h"

/* Override any gcc2 internal prototype to avoid an error.  */
#ifdef __cplusplus
extern "C"
#endif
/* We use char because int might match the return type of a gcc2
   builtin and then its argument prototype would still apply.  */
char opendir ();
int
main ()
{
opendir ();
  ;
  return 0;
}
configure:9739: result: no
configure:9804: checking for sys/select.h
configure:9814: cc -E -D_GNU_SOURCE -D_REENTRANT  conftest.c
configure:9820: $? = 0
configure:9839: result: yes
configure:9852: checking for sys/time.h
configure:9862: cc -E -D_GNU_SOURCE -D_REENTRANT  conftest.c
configure:9868: $? = 0
configure:9887: result: yes
configure:9897: checking for ANSI C header files
configure:9911: cc -E -D_GNU_SOURCE -D_REENTRANT  conftest.c
configure:9917: $? = 0
configure:10004: cc -o conftest -O2 -D_GNU_SOURCE -D_REENTRANT   conftest.c  >&5
configure:10007: $? = 0
configure:10009: ./conftest
configure:10012: $? = 0
configure:10025: result: yes
configure:10038: checking for stdlib.h
configure:10048: cc -E -D_GNU_SOURCE -D_REENTRANT  conftest.c
configure:10054: $? = 0
configure:10073: result: yes
configure:10038: checking for string.h
configure:10048: cc -E -D_GNU_SOURCE -D_REENTRANT  conftest.c
configure:10054: $? = 0
configure:10073: result: yes
configure:10038: checking for memory.h
configure:10048: cc -E -D_GNU_SOURCE -D_REENTRANT  conftest.c
configure:10054: $? = 0
configure:10073: result: yes
configure:10038: checking for strings.h
configure:10048: cc -E -D_GNU_SOURCE -D_REENTRANT  conftest.c
configure:10054: $? = 0
configure:10073: result: yes
configure:10038: checking for inttypes.h
configure:10048: cc -E -D_GNU_SOURCE -D_REENTRANT  conftest.c
configure:10054: $? = 0
configure:10073: result: yes
configure:10038: checking for unistd.h
configure:10048: cc -E -D_GNU_SOURCE -D_REENTRANT  conftest.c
configure:10054: $? = 0
configure:10073: result: yes
configure:10083: checking for struct stat.st_blksize
configure:10102: cc -c -O2 -D_GNU_SOURCE -D_REENTRANT  conftest.c >&5
configure:10105: $? = 0
configure:10108: test -s conftest.o
configure:10111: $? = 0
configure:10121: result: yes
configure:10133: checking for mode_t
configure:10154: cc -c -O2 -D_GNU_SOURCE -D_REENTRANT  conftest.c >&5
configure:10157: $? = 0
configure:10160: test -s conftest.o
configure:10163: $? = 0
configure:10173: result: yes
configure:10185: checking for off_t
configure:10206: cc -c -O2 -D_GNU_SOURCE -D_REENTRANT  conftest.c >&5
configure:10209: $? = 0
configure:10212: test -s conftest.o
configure:10215: $? = 0
configure:10225: result: yes
configure:10237: checking for pid_t
configure:10258: cc -c -O2 -D_GNU_SOURCE -D_REENTRANT  conftest.c >&5
configure:10261: $? = 0
configure:10264: test -s conftest.o
configure:10267: $? = 0
configure:10277: result: yes
configure:10289: checking for size_t
configure:10310: cc -c -O2 -D_GNU_SOURCE -D_REENTRANT  conftest.c >&5
configure:10313: $? = 0
configure:10316: test -s conftest.o
configure:10319: $? = 0
configure:10329: result: yes
configure:10341: checking for u_char
configure:10360: cc -c -O2 -D_GNU_SOURCE -D_REENTRANT  conftest.c >&5
configure:10363: $? = 0
configure:10366: test -s conftest.o
configure:10369: $? = 0
configure:10379: result: yes
configure:10385: checking for u_short
configure:10404: cc -c -O2 -D_GNU_SOURCE -D_REENTRANT  conftest.c >&5
configure:10407: $? = 0
configure:10410: test -s conftest.o
configure:10413: $? = 0
configure:10423: result: yes
configure:10429: checking for u_int
configure:10448: cc -c -O2 -D_GNU_SOURCE -D_REENTRANT  conftest.c >&5
configure:10451: $? = 0
configure:10454: test -s conftest.o
configure:10457: $? = 0
configure:10467: result: yes
configure:10473: checking for u_long
configure:10492: cc -c -O2 -D_GNU_SOURCE -D_REENTRANT  conftest.c >&5
configure:10495: $? = 0
configure:10498: test -s conftest.o
configure:10501: $? = 0
configure:10511: result: yes
configure:10519: checking for u_int8_t
configure:10538: cc -c -O2 -D_GNU_SOURCE -D_REENTRANT  conftest.c >&5
configure:10541: $? = 0
configure:10544: test -s conftest.o
configure:10547: $? = 0
configure:10586: result: yes
configure:10597: checking for u_int16_t
configure:10616: cc -c -O2 -D_GNU_SOURCE -D_REENTRANT  conftest.c >&5
configure:10619: $? = 0
configure:10622: test -s conftest.o
configure:10625: $? = 0
configure:10693: result: yes
configure:10704: checking for int16_t
configure:10723: cc -c -O2 -D_GNU_SOURCE -D_REENTRANT  conftest.c >&5
configure:10726: $? = 0
configure:10729: test -s conftest.o
configure:10732: $? = 0
configure:10800: result: yes
configure:10811: checking for u_int32_t
configure:10830: cc -c -O2 -D_GNU_SOURCE -D_REENTRANT  conftest.c >&5
configure:10833: $? = 0
configure:10836: test -s conftest.o
configure:10839: $? = 0
configure:10907: result: yes
configure:10918: checking for int32_t
configure:10937: cc -c -O2 -D_GNU_SOURCE -D_REENTRANT  conftest.c >&5
configure:10940: $? = 0
configure:10943: test -s conftest.o
configure:10946: $? = 0
configure:11014: result: yes
configure:11029: checking for ssize_t
configure:11048: cc -c -O2 -D_GNU_SOURCE -D_REENTRANT  conftest.c >&5
configure:11051: $? = 0
configure:11054: test -s conftest.o
configure:11057: $? = 0
configure:11160: result: yes
configure:11168: checking for largest integral type
configure:11187: cc -c -O2 -D_GNU_SOURCE -D_REENTRANT  conftest.c >&5
configure:11190: $? = 0
configure:11193: test -s conftest.o
configure:11196: $? = 0
configure:11206: result: unsigned long long
configure:11212: checking for integral type equal to pointer size
configure:11230: cc -o conftest -O2 -D_GNU_SOURCE -D_REENTRANT   conftest.c  >&5
configure:11233: $? = 0
configure:11235: ./conftest
configure:11238: $? = 0
configure:11259: cc -o conftest -O2 -D_GNU_SOURCE -D_REENTRANT   conftest.c  >&5
configure:11262: $? = 0
configure:11264: ./conftest
configure:11267: $? = 0
configure:11288: cc -o conftest -O2 -D_GNU_SOURCE -D_REENTRANT   conftest.c  >&5
configure:11291: $? = 0
configure:11293: ./conftest
configure:11296: $? = 1
configure: program exited with status 1
configure: failed program was:
#line 11283 "configure"
#include "confdefs.h"
main(){exit(sizeof(unsigned long long) != sizeof(char *));}
configure:11307: result: unsigned long
configure:11336: checking for mutexes
configure:11394: cc -o conftest -O2 -D_GNU_SOURCE -D_REENTRANT   conftest.c  >&5
configure:11381: synch.h: No such file or directory
configure:11397: $? = 1
configure: program exited with status 1
configure: failed program was:
#line 11379 "configure"
#include "confdefs.h"

#include <synch.h>
main(){
	static lwp_mutex_t mi = SHAREDMUTEX;
	static lwp_cond_t ci = SHAREDCV;
	lwp_mutex_t mutex = mi;
	lwp_cond_t cond = ci;
	exit (
	_lwp_mutex_lock(&mutex) ||
	_lwp_mutex_unlock(&mutex));
}
configure:11442: cc -o conftest -O2 -D_GNU_SOURCE -D_REENTRANT   conftest.c -lthread  >&5
configure:11427: thread.h: No such file or directory
configure:11428: synch.h: No such file or directory
configure:11445: $? = 1
configure: program exited with status 1
configure: failed program was:
#line 11425 "configure"
#include "confdefs.h"

#include <thread.h>
#include <synch.h>
main(){
	mutex_t mutex;
	cond_t cond;
	int type = USYNC_PROCESS;
	exit (
	mutex_init(&mutex, type, NULL) ||
	cond_init(&cond, type, NULL) ||
	mutex_lock(&mutex) ||
	mutex_unlock(&mutex));
}
configure:11486: cc -o conftest -O2 -D_GNU_SOURCE -D_REENTRANT   conftest.c  >&5
configure:11471: thread.h: No such file or directory
configure:11472: synch.h: No such file or directory
configure:11489: $? = 1
configure: program exited with status 1
configure: failed program was:
#line 11469 "configure"
#include "confdefs.h"

#include <thread.h>
#include <synch.h>
main(){
	mutex_t mutex;
	cond_t cond;
	int type = USYNC_PROCESS;
	exit (
	mutex_init(&mutex, type, NULL) ||
	cond_init(&cond, type, NULL) ||
	mutex_lock(&mutex) ||
	mutex_unlock(&mutex));
}
configure:11546: cc -o conftest -O2 -D_GNU_SOURCE -D_REENTRANT   conftest.c  >&5
/tmp/ccufwvEf.o: In function `main':
/tmp/ccufwvEf.o(.text+0x28): undefined reference to `pthread_condattr_setpshared'
/tmp/ccufwvEf.o(.text+0x3c): undefined reference to `pthread_mutexattr_init'
/tmp/ccufwvEf.o(.text+0x4f): undefined reference to `pthread_mutexattr_setpshared'
/tmp/ccufwvEf.o(.text+0xc5): undefined reference to `pthread_mutexattr_destroy'
collect2: ld returned 1 exit status
configure:11549: $? = 1
configure: program exited with status 1
configure: failed program was:
#line 11521 "configure"
#include "confdefs.h"

#include <pthread.h>
main(){
	pthread_cond_t cond;
	pthread_mutex_t mutex;
	pthread_condattr_t condattr;
	pthread_mutexattr_t mutexattr;
	exit (
	pthread_condattr_init(&condattr) ||
	pthread_condattr_setpshared(&condattr, PTHREAD_PROCESS_SHARED) ||
	pthread_mutexattr_init(&mutexattr) ||
	pthread_mutexattr_setpshared(&mutexattr, PTHREAD_PROCESS_SHARED) ||
	pthread_cond_init(&cond, &condattr) ||
	pthread_mutex_init(&mutex, &mutexattr) ||
	pthread_mutex_lock(&mutex) ||
	pthread_mutex_unlock(&mutex) ||
	pthread_mutex_destroy(&mutex) ||
	pthread_cond_destroy(&cond) ||
	pthread_condattr_destroy(&condattr) ||
	pthread_mutexattr_destroy(&mutexattr));
}
configure:11598: cc -o conftest -O2 -D_GNU_SOURCE -D_REENTRANT   conftest.c -lpthread  >&5
/tmp/cc7EEs0G.o: In function `main':
/tmp/cc7EEs0G.o(.text+0x28): undefined reference to `pthread_condattr_setpshared'
/tmp/cc7EEs0G.o(.text+0x4f): undefined reference to `pthread_mutexattr_setpshared'
collect2: ld returned 1 exit status
configure:11601: $? = 1
configure: program exited with status 1
configure: failed program was:
#line 11573 "configure"
#include "confdefs.h"

#include <pthread.h>
main(){
	pthread_cond_t cond;
	pthread_mutex_t mutex;
	pthread_condattr_t condattr;
	pthread_mutexattr_t mutexattr;
	exit (
	pthread_condattr_init(&condattr) ||
	pthread_condattr_setpshared(&condattr, PTHREAD_PROCESS_SHARED) ||
	pthread_mutexattr_init(&mutexattr) ||
	pthread_mutexattr_setpshared(&mutexattr, PTHREAD_PROCESS_SHARED) ||
	pthread_cond_init(&cond, &condattr) ||
	pthread_mutex_init(&mutex, &mutexattr) ||
	pthread_mutex_lock(&mutex) ||
	pthread_mutex_unlock(&mutex) ||
	pthread_mutex_destroy(&mutex) ||
	pthread_cond_destroy(&cond) ||
	pthread_condattr_destroy(&condattr) ||
	pthread_mutexattr_destroy(&mutexattr));
}
configure:11651: cc -o conftest -O2 -D_GNU_SOURCE -D_REENTRANT   conftest.c  >&5
configure:11654: $? = 0
configure:11656: ./conftest
configure:11659: $? = 1
configure: program exited with status 1
configure: failed program was:
#line 11633 "configure"
#include "confdefs.h"

#include <sys/mman.h>
main(){
#if defined(__hppa)
	typedef msemaphore tsl_t;
	msemaphore x;
	msem_init(&x, 0);
	msem_lock(&x, 0);
	msem_unlock(&x, 0);
	exit(0);
#else
	exit(1);
#endif
}
configure:11694: cc -o conftest -O2 -D_GNU_SOURCE -D_REENTRANT   conftest.c  >&5
configure:11682: `#include' expects "FILENAME" or <FILENAME>
configure:11697: $? = 1
configure: program exited with status 1
configure: failed program was:
#line 11679 "configure"
#include "confdefs.h"

#include <sys/types.h>
#include <sys/mman.h>;
main(){
	typedef msemaphore tsl_t;
	msemaphore x;
	msem_init(&x, 0);
	msem_lock(&x, 0);
	msem_unlock(&x, 0);
	exit(0);
}
configure:11731: cc -o conftest -O2 -D_GNU_SOURCE -D_REENTRANT   conftest.c  -lmproc >&5
configure:11719: ulocks.h: No such file or directory
configure:11734: $? = 1
configure: failed program was:
#line 11718 "configure"
#include "confdefs.h"
#include <ulocks.h>
int
main ()
{
typedef spinlock_t tsl_t;
spinlock_t x; initspin(&x, 1); cspinlock(&x); spinunlock(&x);
  ;
  return 0;
}
configure:11770: cc -o conftest -O2 -D_GNU_SOURCE -D_REENTRANT   conftest.c  >&5
configure:11773: $? = 0
configure:11775: ./conftest
configure:11778: $? = 1
configure: program exited with status 1
configure: failed program was:
#line 11759 "configure"
#include "confdefs.h"

main(){
#if defined(__USLC__)
	exit(0);
#endif
	exit(1);
}
configure:11806: cc -o conftest -O2 -D_GNU_SOURCE -D_REENTRANT   conftest.c  >&5
configure:11794: abi_mutex.h: No such file or directory
configure:11809: $? = 1
configure: failed program was:
#line 11793 "configure"
#include "confdefs.h"
#include <abi_mutex.h>
int
main ()
{
typedef abilock_t tsl_t;
abilock_t x; init_lock(&x); acquire_lock(&x); release_lock(&x);
  ;
  return 0;
}
configure:11885: cc -o conftest -O2 -D_GNU_SOURCE -D_REENTRANT   conftest.c  >&5
configure:11872: sys/machlock.h: No such file or directory
configure:11888: $? = 1
configure: failed program was:
#line 11871 "configure"
#include "confdefs.h"
#include <sys/machlock.h>
int
main ()
{
typedef lock_t tsl_t;
 lock_t x;
 _lock_try(&x); _lock_clear(&x);
  ;
  return 0;
}
configure:11919: cc -o conftest -O2 -D_GNU_SOURCE -D_REENTRANT   conftest.c  >&5
configure:11908: sys/atomic_op.h: No such file or directory
configure:11922: $? = 1
configure: failed program was:
#line 11907 "configure"
#include "confdefs.h"
#include <sys/atomic_op.h>
int
main ()
{
int x; _check_lock(&x,0,1); _clear_lock(&x,0);
  ;
  return 0;
}
configure:11957: cc -o conftest -O2 -D_GNU_SOURCE -D_REENTRANT   conftest.c  >&5
configure:11960: $? = 0
configure:11962: ./conftest
configure:11965: $? = 1
configure: program exited with status 1
configure: failed program was:
#line 11946 "configure"
#include "confdefs.h"
main(){
#if defined(__alpha)
#if defined(__GNUC__)
exit(0);
#endif
#endif
exit(1);}
configure:11996: cc -o conftest -O2 -D_GNU_SOURCE -D_REENTRANT   conftest.c  >&5
configure:11999: $? = 0
configure:12001: ./conftest
configure:12004: $? = 1
configure: program exited with status 1
configure: failed program was:
#line 11985 "configure"
#include "confdefs.h"
main(){
#if defined(__hppa)
#if defined(__GNUC__)
exit(0);
#endif
#endif
exit(1);}
configure:12035: cc -o conftest -O2 -D_GNU_SOURCE -D_REENTRANT   conftest.c  >&5
configure:12038: $? = 0
configure:12040: ./conftest
configure:12043: $? = 1
configure: program exited with status 1
configure: failed program was:
#line 12024 "configure"
#include "confdefs.h"
main(){
#if defined(__powerpc__) || defined(__ppc__)
#if defined(__GNUC__)
exit(0);
#endif
#endif
exit(1);}
configure:12075: cc -o conftest -O2 -D_GNU_SOURCE -D_REENTRANT   conftest.c  >&5
configure:12078: $? = 0
configure:12080: ./conftest
configure:12083: $? = 1
configure: program exited with status 1
configure: failed program was:
#line 12063 "configure"
#include "confdefs.h"
main(){
#if defined(__sparc__)
#if defined(__GNUC__)
	exit(0);
#endif
#endif
	exit(1);
}
configure:12115: cc -o conftest -O2 -D_GNU_SOURCE -D_REENTRANT   conftest.c  >&5
configure:12118: $? = 0
configure:12120: ./conftest
configure:12123: $? = 1
configure: program exited with status 1
configure: failed program was:
#line 12103 "configure"
#include "confdefs.h"
main(){
#if (defined(mc68020) || defined(sun3))
#if defined(__GNUC__)
	exit(0);
#endif
#endif
	exit(1);
}
configure:12155: cc -o conftest -O2 -D_GNU_SOURCE -D_REENTRANT   conftest.c  >&5
configure:12158: $? = 0
configure:12160: ./conftest
configure:12163: $? = 0
configure:12254: result: x86/gcc-assembly
configure:12410: checking for getcwd
configure:12447: cc -o conftest -O2 -D_GNU_SOURCE -D_REENTRANT   conftest.c  >&5
configure:12450: $? = 0
configure:12453: test -s conftest
configure:12456: $? = 0
configure:12466: result: yes
configure:12410: checking for getopt
configure:12447: cc -o conftest -O2 -D_GNU_SOURCE -D_REENTRANT   conftest.c  >&5
configure:12450: $? = 0
configure:12453: test -s conftest
configure:12456: $? = 0
configure:12466: result: yes
configure:12410: checking for memcmp
configure:12447: cc -o conftest -O2 -D_GNU_SOURCE -D_REENTRANT   conftest.c  >&5
configure:12426: warning: conflicting types for built-in function `memcmp'
configure:12450: $? = 0
configure:12453: test -s conftest
configure:12456: $? = 0
configure:12466: result: yes
configure:12410: checking for memcpy
configure:12447: cc -o conftest -O2 -D_GNU_SOURCE -D_REENTRANT   conftest.c  >&5
configure:12426: warning: conflicting types for built-in function `memcpy'
configure:12450: $? = 0
configure:12453: test -s conftest
configure:12456: $? = 0
configure:12466: result: yes
configure:12410: checking for memmove
configure:12447: cc -o conftest -O2 -D_GNU_SOURCE -D_REENTRANT   conftest.c  >&5
configure:12450: $? = 0
configure:12453: test -s conftest
configure:12456: $? = 0
configure:12466: result: yes
configure:12481: checking for raise
configure:12518: cc -o conftest -O2 -D_GNU_SOURCE -D_REENTRANT   conftest.c  >&5
configure:12521: $? = 0
configure:12524: test -s conftest
configure:12527: $? = 0
configure:12537: result: yes
configure:12481: checking for snprintf
configure:12518: cc -o conftest -O2 -D_GNU_SOURCE -D_REENTRANT   conftest.c  >&5
configure:12521: $? = 0
configure:12524: test -s conftest
configure:12527: $? = 0
configure:12537: result: yes
configure:12481: checking for strcasecmp
configure:12518: cc -o conftest -O2 -D_GNU_SOURCE -D_REENTRANT   conftest.c  >&5
configure:12521: $? = 0
configure:12524: test -s conftest
configure:12527: $? = 0
configure:12537: result: yes
configure:12481: checking for strerror
configure:12518: cc -o conftest -O2 -D_GNU_SOURCE -D_REENTRANT   conftest.c  >&5
configure:12521: $? = 0
configure:12524: test -s conftest
configure:12527: $? = 0
configure:12537: result: yes
configure:12481: checking for vsnprintf
configure:12518: cc -o conftest -O2 -D_GNU_SOURCE -D_REENTRANT   conftest.c  >&5
configure:12521: $? = 0
configure:12524: test -s conftest
configure:12527: $? = 0
configure:12537: result: yes
configure:12561: checking for _fstati64
configure:12598: cc -o conftest -O2 -D_GNU_SOURCE -D_REENTRANT   conftest.c  >&5
/tmp/ccuUZWsA.o: In function `main':
/tmp/ccuUZWsA.o(.text+0x9): undefined reference to `_fstati64'
collect2: ld returned 1 exit status
configure:12601: $? = 1
configure: failed program was:
#line 12567 "configure"
#include "confdefs.h"
/* System header to define __stub macros and hopefully few prototypes,
    which can conflict with char _fstati64 (); below.  */
#include <assert.h>
/* Override any gcc2 internal prototype to avoid an error.  */
#ifdef __cplusplus
extern "C"
#endif
/* We use char because int might match the return type of a gcc2
   builtin and then its argument prototype would still apply.  */
char _fstati64 ();
char (*f) ();

int
main ()
{
/* The GNU C library defines this for functions which it implements
    to always fail with ENOSYS.  Some functions are actually named
    something starting with __ and the normal name is an alias.  */
#if defined (__stub__fstati64) || defined (__stub____fstati64)
choke me
#else
f = _fstati64;
#endif

  ;
  return 0;
}
configure:12617: result: no
configure:12561: checking for getuid
configure:12598: cc -o conftest -O2 -D_GNU_SOURCE -D_REENTRANT   conftest.c  >&5
configure:12601: $? = 0
configure:12604: test -s conftest
configure:12607: $? = 0
configure:12617: result: yes
configure:12561: checking for pstat_getdynamic
configure:12598: cc -o conftest -O2 -D_GNU_SOURCE -D_REENTRANT   conftest.c  >&5
/tmp/ccKCpQri.o: In function `main':
/tmp/ccKCpQri.o(.text+0x9): undefined reference to `pstat_getdynamic'
collect2: ld returned 1 exit status
configure:12601: $? = 1
configure: failed program was:
#line 12567 "configure"
#include "confdefs.h"
/* System header to define __stub macros and hopefully few prototypes,
    which can conflict with char pstat_getdynamic (); below.  */
#include <assert.h>
/* Override any gcc2 internal prototype to avoid an error.  */
#ifdef __cplusplus
extern "C"
#endif
/* We use char because int might match the return type of a gcc2
   builtin and then its argument prototype would still apply.  */
char pstat_getdynamic ();
char (*f) ();

int
main ()
{
/* The GNU C library defines this for functions which it implements
    to always fail with ENOSYS.  Some functions are actually named
    something starting with __ and the normal name is an alias.  */
#if defined (__stub_pstat_getdynamic) || defined (__stub___pstat_getdynamic)
choke me
#else
f = pstat_getdynamic;
#endif

  ;
  return 0;
}
configure:12617: result: no
configure:12561: checking for sched_yield
configure:12598: cc -o conftest -O2 -D_GNU_SOURCE -D_REENTRANT   conftest.c  >&5
configure:12601: $? = 0
configure:12604: test -s conftest
configure:12607: $? = 0
configure:12617: result: yes
configure:12561: checking for select
configure:12598: cc -o conftest -O2 -D_GNU_SOURCE -D_REENTRANT   conftest.c  >&5
configure:12601: $? = 0
configure:12604: test -s conftest
configure:12607: $? = 0
configure:12617: result: yes
configure:12561: checking for strtoul
configure:12598: cc -o conftest -O2 -D_GNU_SOURCE -D_REENTRANT   conftest.c  >&5
configure:12601: $? = 0
configure:12604: test -s conftest
configure:12607: $? = 0
configure:12617: result: yes
configure:12630: checking for sysconf
configure:12667: cc -o conftest -O2 -D_GNU_SOURCE -D_REENTRANT   conftest.c  >&5
configure:12670: $? = 0
configure:12673: test -s conftest
configure:12676: $? = 0
configure:12686: result: yes
configure:12630: checking for yield
configure:12667: cc -o conftest -O2 -D_GNU_SOURCE -D_REENTRANT   conftest.c  >&5
/tmp/cctPROKe.o: In function `main':
/tmp/cctPROKe.o(.text+0x9): undefined reference to `yield'
collect2: ld returned 1 exit status
configure:12670: $? = 1
configure: failed program was:
#line 12636 "configure"
#include "confdefs.h"
/* System header to define __stub macros and hopefully few prototypes,
    which can conflict with char yield (); below.  */
#include <assert.h>
/* Override any gcc2 internal prototype to avoid an error.  */
#ifdef __cplusplus
extern "C"
#endif
/* We use char because int might match the return type of a gcc2
   builtin and then its argument prototype would still apply.  */
char yield ();
char (*f) ();

int
main ()
{
/* The GNU C library defines this for functions which it implements
    to always fail with ENOSYS.  Some functions are actually named
    something starting with __ and the normal name is an alias.  */
#if defined (__stub_yield) || defined (__stub___yield)
choke me
#else
f = yield;
#endif

  ;
  return 0;
}
configure:12686: result: no
configure:12708: checking for pread
configure:12745: cc -o conftest -O2 -D_GNU_SOURCE -D_REENTRANT   conftest.c  >&5
configure:12748: $? = 0
configure:12751: test -s conftest
configure:12754: $? = 0
configure:12764: result: yes
configure:12708: checking for pwrite
configure:12745: cc -o conftest -O2 -D_GNU_SOURCE -D_REENTRANT   conftest.c  >&5
configure:12748: $? = 0
configure:12751: test -s conftest
configure:12754: $? = 0
configure:12764: result: yes
configure:12777: checking for fcntl/F_SETFD
configure:12797: cc -o conftest -O2 -D_GNU_SOURCE -D_REENTRANT   conftest.c  >&5
configure:12800: $? = 0
configure:12802: ./conftest
configure:12805: $? = 0
configure:12817: result: yes
configure:12837: checking for qsort
configure:12874: cc -o conftest -O2 -D_GNU_SOURCE -D_REENTRANT   conftest.c  >&5
configure:12877: $? = 0
configure:12880: test -s conftest
configure:12883: $? = 0
configure:12893: result: yes
configure:12910: checking for int type sprintf return value
configure:12927: cc -o conftest -O2 -D_GNU_SOURCE -D_REENTRANT   conftest.c  >&5
configure:12930: $? = 0
configure:12932: ./conftest
configure:12935: $? = 0
configure:12947: result: yes
configure:12978: checking for special C compiler options needed for large files
configure:13052: result: no
configure:13058: checking for _FILE_OFFSET_BITS value needed for large files
configure:13086: cc -c -O2 -D_GNU_SOURCE -D_REENTRANT  conftest.c >&5
configure:13073: warning: left shift count >= width of type
configure:13073: warning: left shift count >= width of type
configure:13075: size of array `off_t_is_large' is negative
configure:13089: $? = 1
configure: failed program was:
#line 13066 "configure"
#include "confdefs.h"
#include <sys/types.h>
 /* Check that off_t can represent 2**63 - 1 correctly.
    We can't simply define LARGE_OFF_T to be 9223372036854775807,
    since some C++ compilers masquerading as C compilers
    incorrectly reject 9223372036854775807.  */
#define LARGE_OFF_T (((off_t) 1 << 62) - 1 + ((off_t) 1 << 62))
  int off_t_is_large[(LARGE_OFF_T % 2147483629 == 721
		       && LARGE_OFF_T % 2147483647 == 1)
		      ? 1 : -1];
int
main ()
{

  ;
  return 0;
}
configure:13125: cc -c -O2 -D_GNU_SOURCE -D_REENTRANT  conftest.c >&5
configure:13128: $? = 0
configure:13131: test -s conftest.o
configure:13134: $? = 0
configure:13145: result: 64
configure:13155: checking for _LARGE_FILES value needed for large files
configure:13183: cc -c -O2 -D_GNU_SOURCE -D_REENTRANT  conftest.c >&5
configure:13186: $? = 0
configure:13189: test -s conftest.o
configure:13192: $? = 0
configure:13242: result: no
configure:13354: checking for mlock
configure:13391: cc -o conftest -O2 -D_GNU_SOURCE -D_REENTRANT   conftest.c  >&5
configure:13394: $? = 0
configure:13397: test -s conftest
configure:13400: $? = 0
configure:13410: result: yes
configure:13354: checking for munlock
configure:13391: cc -o conftest -O2 -D_GNU_SOURCE -D_REENTRANT   conftest.c  >&5
configure:13394: $? = 0
configure:13397: test -s conftest
configure:13400: $? = 0
configure:13410: result: yes
configure:13423: checking for mmap
configure:13460: cc -o conftest -O2 -D_GNU_SOURCE -D_REENTRANT   conftest.c  >&5
configure:13463: $? = 0
configure:13466: test -s conftest
configure:13469: $? = 0
configure:13479: result: yes
configure:13423: checking for munmap
configure:13460: cc -o conftest -O2 -D_GNU_SOURCE -D_REENTRANT   conftest.c  >&5
configure:13463: $? = 0
configure:13466: test -s conftest
configure:13469: $? = 0
configure:13479: result: yes
configure:13508: checking for shmget
configure:13545: cc -o conftest -O2 -D_GNU_SOURCE -D_REENTRANT   conftest.c  >&5
configure:13548: $? = 0
configure:13551: test -s conftest
configure:13554: $? = 0
configure:13564: result: yes
configure:13722: creating ./config.status

## ----------------------- ##
## Running config.status.  ##
## ----------------------- ##

This file was extended by config.status 2.50, executed with
  > ./config.status 
on outhaul.lab.nocpulse.net

config.status:14255: creating Makefile
config.status:14255: creating include.tcl
config.status:14255: creating db_int.h
config.status:14255: creating db.h
config.status:14347: creating db_config.h

## ----------------- ##
## Cache variables.  ##
## ----------------- ##

ac_ct_db_cv_path_ar='ar'
ac_ct_db_cv_path_chmod='chmod'
ac_ct_db_cv_path_cp='cp'
ac_ct_db_cv_path_ln='ln'
ac_ct_db_cv_path_mkdir='mkdir'
ac_ct_db_cv_path_rm='rm'
ac_cv_build='i686-pc-linux-gnu'
ac_cv_build_alias='i686-pc-linux-gnu'
ac_cv_c_bigendian='no'
ac_cv_c_compiler_gnu='yes'
ac_cv_c_const='yes'
ac_cv_env_CC_set=''
ac_cv_env_CC_value=''
ac_cv_env_CFLAGS_set=''
ac_cv_env_CFLAGS_value=''
ac_cv_env_CPPFLAGS_set=''
ac_cv_env_CPPFLAGS_value=''
ac_cv_env_CPP_set=''
ac_cv_env_CPP_value=''
ac_cv_env_CXXFLAGS_set=''
ac_cv_env_CXXFLAGS_value=''
ac_cv_env_CXX_set=''
ac_cv_env_CXX_value=''
ac_cv_env_LDFLAGS_set=''
ac_cv_env_LDFLAGS_value=''
ac_cv_env_build_alias_set=''
ac_cv_env_build_alias_value=''
ac_cv_env_host_alias_set=''
ac_cv_env_host_alias_value=''
ac_cv_env_target_alias_set=''
ac_cv_env_target_alias_value=''
ac_cv_func__fstati64='no'
ac_cv_func_getcwd='yes'
ac_cv_func_getopt='yes'
ac_cv_func_getuid='yes'
ac_cv_func_memcmp='yes'
ac_cv_func_memcpy='yes'
ac_cv_func_memmove='yes'
ac_cv_func_mlock='yes'
ac_cv_func_mmap='yes'
ac_cv_func_munlock='yes'
ac_cv_func_munmap='yes'
ac_cv_func_pread='yes'
ac_cv_func_pstat_getdynamic='no'
ac_cv_func_pwrite='yes'
ac_cv_func_qsort='yes'
ac_cv_func_raise='yes'
ac_cv_func_sched_yield='yes'
ac_cv_func_select='yes'
ac_cv_func_shmget='yes'
ac_cv_func_snprintf='yes'
ac_cv_func_strcasecmp='yes'
ac_cv_func_strerror='yes'
ac_cv_func_strtoul='yes'
ac_cv_func_sysconf='yes'
ac_cv_func_vsnprintf='yes'
ac_cv_func_yield='no'
ac_cv_header_dirent_dirent_h='yes'
ac_cv_header_dlfcn_h='yes'
ac_cv_header_inttypes_h='yes'
ac_cv_header_memory_h='yes'
ac_cv_header_stat_broken='no'
ac_cv_header_stdc='yes'
ac_cv_header_stdlib_h='yes'
ac_cv_header_string_h='yes'
ac_cv_header_strings_h='yes'
ac_cv_header_sys_select_h='yes'
ac_cv_header_sys_time_h='yes'
ac_cv_header_time='yes'
ac_cv_header_unistd_h='yes'
ac_cv_host='i686-pc-linux-gnu'
ac_cv_host_alias='i686-pc-linux-gnu'
ac_cv_lib_dir_opendir='no'
ac_cv_lib_pthread_pthread_create='yes'
ac_cv_lib_rt_sched_yield='yes'
ac_cv_member_struct_stat_st_blksize='yes'
ac_cv_objext='o'
ac_cv_path_db_cv_path_ranlib='/usr/bin/ranlib'
ac_cv_path_db_cv_path_sh='/bin/sh'
ac_cv_path_db_cv_path_strip='/usr/bin/strip'
ac_cv_path_install='/usr/bin/install -c'
ac_cv_prog_CPP='cc -E'
ac_cv_prog_ac_ct_CC='cc'
ac_cv_prog_ac_ct_RANLIB='ranlib'
ac_cv_prog_ac_ct_STRIP='strip'
ac_cv_prog_ac_ct_db_cv_path_ar='ar'
ac_cv_prog_ac_ct_db_cv_path_chmod='chmod'
ac_cv_prog_ac_ct_db_cv_path_cp='cp'
ac_cv_prog_ac_ct_db_cv_path_ln='ln'
ac_cv_prog_ac_ct_db_cv_path_mkdir='mkdir'
ac_cv_prog_ac_ct_db_cv_path_rm='rm'
ac_cv_prog_ac_ct_path_ranlib='ranlib'
ac_cv_prog_ac_ct_path_sh='sh'
ac_cv_prog_ac_ct_path_strip='strip'
ac_cv_prog_cc_g='yes'
ac_cv_prog_cc_stdc=''
ac_cv_sys_file_offset_bits='64'
ac_cv_sys_large_files='no'
ac_cv_sys_largefile_CC='no'
ac_cv_type_mode_t='yes'
ac_cv_type_off_t='yes'
ac_cv_type_pid_t='yes'
ac_cv_type_size_t='yes'
db_cv_align_t='unsigned long long'
db_cv_alignp_t='unsigned long'
db_cv_compat185='no'
db_cv_cxx='no'
db_cv_debug='no'
db_cv_debug_rop='no'
db_cv_debug_wop='no'
db_cv_diagnostic='no'
db_cv_dump185='no'
db_cv_embedix='no'
db_cv_fcntl_f_setfd='yes'
db_cv_gcc_2_96_forloop_bug='no'
db_cv_int16='yes'
db_cv_int32='yes'
db_cv_java='no'
db_cv_mutex='x86/gcc-assembly'
db_cv_path_ar='ar'
db_cv_path_chmod='chmod'
db_cv_path_cp='cp'
db_cv_path_ln='ln'
db_cv_path_mkdir='mkdir'
db_cv_path_ranlib='/usr/bin/ranlib'
db_cv_path_rm='rm'
db_cv_path_sh='/bin/sh'
db_cv_path_strip='/usr/bin/strip'
db_cv_posixmutexes='no'
db_cv_rpc='no'
db_cv_rpm='no'
db_cv_sprintf_count='yes'
db_cv_ssize_t='yes'
db_cv_tcl='no'
db_cv_test='no'
db_cv_uchar='yes'
db_cv_uimutexes='no'
db_cv_uint='yes'
db_cv_uint16='yes'
db_cv_uint32='yes'
db_cv_uint8='yes'
db_cv_ulong='yes'
db_cv_umrw='no'
db_cv_uniquename='no'
db_cv_ushort='yes'
lt_cv_archive_cmds_need_lc='no'
lt_cv_compiler_c_o='yes'
lt_cv_compiler_o_lo='no'
lt_cv_deplibs_check_method='pass_all'
lt_cv_file_magic_cmd='$MAGIC_CMD'
lt_cv_file_magic_test_file='/lib/libc.so.6 /lib/libc-2.1.3.so'
lt_cv_global_symbol_to_cdecl='sed -n -e '\''s/^. .* \(.*\)$/extern char \1;/p'\'''
lt_cv_ld_reload_flag='-r'
lt_cv_path_LD='/usr/bin/ld'
lt_cv_path_NM='/usr/bin/nm -B'
lt_cv_prog_cc_can_build_shared='yes'
lt_cv_prog_cc_no_builtin=''
lt_cv_prog_cc_pic=' -fPIC'
lt_cv_prog_cc_pic_works='yes'
lt_cv_prog_cc_shlib=''
lt_cv_prog_cc_static='-static'
lt_cv_prog_cc_static_works='yes'
lt_cv_prog_cc_wl='-Wl,'
lt_cv_prog_gnu_ld='yes'
lt_cv_sys_global_symbol_pipe='sed -n -e '\''s/^.*[ 	]\([ABCDGISTW][ABCDGISTW]*\)[ 	][ 	]*\(\)\([_A-Za-z][_A-Za-z0-9]*\)$/\1 \2\3 \3/p'\'''
lt_cv_sys_path_separator=':'

## ------------ ##
## confdefs.h.  ##
## ------------ ##

#define HAVE_DLFCN_H 1
#define TIME_WITH_SYS_TIME 1
#define HAVE_DIRENT_H 1
#define HAVE_SYS_SELECT_H 1
#define HAVE_SYS_TIME_H 1
#define STDC_HEADERS 1
#define HAVE_STDLIB_H 1
#define HAVE_STRING_H 1
#define HAVE_MEMORY_H 1
#define HAVE_STRINGS_H 1
#define HAVE_INTTYPES_H 1
#define HAVE_UNISTD_H 1
#define HAVE_STRUCT_STAT_ST_BLKSIZE 1
#define HAVE_EXIT_SUCCESS 1
#define HAVE_MUTEX_THREADS 1
#define HAVE_MUTEX_X86_GCC_ASSEMBLY 1
#define HAVE_GETCWD 1
#define HAVE_GETOPT 1
#define HAVE_MEMCMP 1
#define HAVE_MEMCPY 1
#define HAVE_MEMMOVE 1
#define HAVE_RAISE 1
#define HAVE_SNPRINTF 1
#define HAVE_STRCASECMP 1
#define HAVE_STRERROR 1
#define HAVE_VSNPRINTF 1
#define HAVE_GETUID 1
#define HAVE_SCHED_YIELD 1
#define HAVE_SELECT 1
#define HAVE_STRTOUL 1
#define HAVE_SYSCONF 1
#define HAVE_PREAD 1
#define HAVE_PWRITE 1
#define HAVE_FCNTL_F_SETFD 1
#define HAVE_QSORT 1
#define _FILE_OFFSET_BITS 64
#define HAVE_MLOCK 1
#define HAVE_MUNLOCK 1
#define HAVE_MMAP 1
#define HAVE_MUNMAP 1
#define HAVE_SHMGET 1


configure: exit 0
